<?xml version="1.0" encoding="UTF-8"?>
<!-- Generated by org.testng.reporters.JUnitReportReporter -->
<testsuite hostname="DESKTOP-M471DVV" failures="0" tests="1" name="testCases.TC001_AccountRegistrationTest" time="5.031" errors="0" timestamp="2025-04-01T17:21:11 IST" skipped="0">
  <testcase classname="testCases.TC001_AccountRegistrationTest" name="verify_account_registraton" time="5.031"/>
</testsuite> <!-- testCases.TC001_AccountRegistrationTest -->
